SF:lib/src/dio.dart
DA:46,10
DA:342,5
DA:343,5
DA:353,0
DA:355,0
DA:356,0
DA:360,4
DA:368,4
DA:371,4
DA:378,1
DA:385,1
DA:387,1
DA:394,1
DA:404,1
DA:407,1
DA:416,1
DA:425,1
DA:428,1
DA:436,1
DA:446,1
DA:450,1
DA:458,1
DA:467,1
DA:470,1
DA:478,0
DA:486,0
DA:490,0
DA:496,0
DA:503,0
DA:506,0
DA:512,1
DA:520,1
DA:524,1
DA:530,1
DA:537,1
DA:540,1
DA:546,1
DA:556,1
DA:560,1
DA:568,1
DA:577,1
DA:580,1
DA:588,1
DA:590,1
DA:591,1
DA:593,2
DA:594,1
DA:595,0
DA:597,0
DA:602,1
DA:604,1
DA:605,1
DA:607,1
DA:609,0
DA:610,1
DA:611,1
DA:619,1
DA:621,3
DA:627,1
DA:629,3
DA:633,0
DA:635,0
DA:677,0
DA:688,0
DA:726,0
DA:737,0
DA:738,0
DA:755,5
DA:764,5
DA:780,1
DA:789,1
DA:790,1
DA:799,5
DA:808,5
DA:809,0
DA:811,0
DA:812,5
DA:813,0
DA:814,0
DA:815,0
DA:816,0
DA:817,0
DA:819,5
DA:820,5
DA:821,5
DA:822,5
DA:823,5
DA:824,4
DA:825,4
DA:826,1
DA:827,1
DA:829,1
DA:833,15
DA:837,5
DA:838,5
DA:839,7
DA:841,14
DA:842,5
DA:843,5
DA:845,10
DA:846,10
DA:848,4
DA:849,13
DA:851,1
DA:857,1
DA:864,2
DA:865,2
DA:866,2
DA:867,6
DA:868,2
DA:869,2
DA:883,5
DA:885,12
DA:886,6
DA:890,15
DA:893,12
DA:894,6
DA:898,12
DA:899,6
DA:903,8
DA:904,3
DA:905,10
DA:906,5
DA:907,5
DA:909,0
DA:914,5
DA:915,5
DA:918,10
DA:919,15
DA:922,2
DA:924,7
DA:925,6
DA:926,3
DA:929,4
DA:930,3
DA:931,3
DA:932,3
DA:933,3
DA:935,6
DA:936,3
DA:937,3
DA:938,0
DA:939,0
DA:942,0
DA:943,0
DA:945,12
DA:947,0
DA:950,4
DA:952,3
DA:954,12
DA:956,3
DA:958,6
DA:963,5
DA:968,3
DA:969,1
DA:970,0
DA:974,5
DA:976,10
DA:978,8
DA:979,5
DA:983,5
DA:984,5
DA:988,3
DA:991,1
DA:992,0
DA:993,0
DA:995,0
DA:996,0
DA:997,0
DA:1002,1
DA:1003,0
DA:1004,0
DA:1005,0
DA:1007,0
DA:1008,0
DA:1011,3
DA:1012,1
DA:1013,0
DA:1016,1
DA:1019,1
DA:1021,1
DA:1023,3
DA:1024,2
DA:1025,1
DA:1026,16
DA:1028,1
DA:1032,3
DA:1035,2
DA:1036,1
DA:1037,1
DA:1039,0
DA:1040,0
DA:1042,2
DA:1044,2
DA:1045,1
DA:1046,0
DA:1052,2
DA:1053,0
DA:1054,0
DA:1055,0
DA:1057,0
DA:1060,0
DA:1065,10
DA:1070,5
DA:1072,20
DA:1073,10
DA:1074,5
DA:1076,5
DA:1077,5
DA:1078,10
DA:1079,25
DA:1080,10
DA:1083,10
DA:1084,15
DA:1085,15
DA:1087,13
DA:1088,25
DA:1090,15
DA:1091,5
DA:1092,10
DA:1093,3
DA:1094,9
DA:1096,5
DA:1097,10
DA:1099,15
DA:1100,15
DA:1102,15
DA:1103,15
DA:1107,5
DA:1108,5
DA:1109,5
DA:1113,5
DA:1114,5
DA:1115,1
DA:1117,5
DA:1121,5
DA:1123,5
DA:1126,3
DA:1128,10
DA:1132,3
DA:1133,3
DA:1134,4
DA:1135,3
DA:1136,1
DA:1138,2
DA:1139,2
DA:1141,2
DA:1142,2
DA:1143,2
DA:1144,2
DA:1145,2
DA:1146,2
LF:252
LH:200
end_of_record
SF:lib/src/form_data.dart
DA:18,2
DA:29,2
DA:32,1
DA:33,1
DA:37,1
DA:38,1
DA:39,1
DA:41,1
DA:43,1
DA:44,3
DA:46,4
DA:54,1
DA:56,1
DA:57,2
DA:58,3
DA:63,1
DA:65,2
DA:66,1
DA:71,1
DA:76,1
DA:77,1
DA:79,3
DA:80,1
DA:81,3
DA:84,1
DA:85,1
DA:89,1
DA:95,3
DA:100,1
DA:102,3
DA:103,3
DA:104,1
DA:105,2
DA:106,6
DA:107,4
DA:108,1
DA:111,2
DA:112,3
DA:113,1
DA:114,2
DA:115,4
DA:116,3
DA:117,1
DA:120,5
DA:123,1
DA:124,1
DA:125,1
DA:127,1
DA:128,1
DA:129,1
DA:130,2
DA:133,3
DA:134,3
DA:136,3
DA:137,3
DA:138,4
DA:139,2
DA:140,1
DA:143,3
DA:144,3
DA:145,2
DA:146,3
DA:147,3
DA:148,2
DA:149,3
DA:150,1
DA:152,1
DA:156,1
DA:157,10
LF:69
LH:69
end_of_record
SF:lib/src/dio_error.dart
DA:4,7
DA:6,6
DA:9,6
DA:12,6
DA:15,6
DA:18,6
DA:22,6
DA:27,5
DA:47,6
DA:49,1
DA:51,3
DA:52,2
DA:53,0
LF:13
LH:12
end_of_record
SF:lib/src/transformer.dart
DA:38,5
DA:39,7
DA:41,6
DA:53,5
DA:58,1
DA:59,1
DA:60,1
DA:61,2
DA:62,2
DA:63,0
DA:64,0
DA:67,0
DA:73,3
DA:75,6
DA:80,3
DA:82,1
DA:83,3
DA:85,3
DA:87,9
DA:88,3
DA:89,3
DA:91,2
DA:92,1
DA:97,3
DA:99,3
DA:100,3
DA:101,6
DA:102,3
DA:104,0
DA:105,0
DA:107,3
DA:108,3
DA:113,5
DA:114,0
DA:116,6
DA:118,2
DA:119,3
DA:120,0
DA:121,0
DA:122,0
DA:124,0
DA:129,4
DA:132,3
DA:134,6
DA:135,3
DA:136,6
DA:139,6
DA:142,3
DA:143,0
DA:144,0
DA:146,3
DA:149,3
DA:150,6
DA:151,12
DA:152,2
DA:153,0
DA:155,2
DA:161,3
DA:163,12
DA:164,6
LF:60
LH:47
end_of_record
SF:lib/src/interceptor.dart
DA:19,10
DA:26,1
DA:27,1
DA:28,2
DA:29,3
DA:34,1
DA:35,1
DA:36,2
DA:37,1
DA:42,0
DA:43,0
DA:44,0
DA:45,0
DA:54,1
DA:55,1
DA:57,4
DA:78,1
DA:85,1
DA:92,0
DA:100,1
DA:109,1
DA:110,1
DA:111,1
DA:116,1
DA:117,1
DA:118,1
DA:123,1
DA:124,1
DA:125,1
DA:136,10
DA:138,6
DA:140,0
DA:145,2
DA:147,4
DA:150,2
DA:152,6
DA:153,4
DA:155,2
LF:38
LH:32
end_of_record
SF:lib/src/options.dart
DA:20,7
DA:23,6
DA:34,6
DA:37,6
DA:40,6
DA:52,5
DA:69,5
DA:86,1
DA:105,1
DA:106,0
DA:107,0
DA:108,1
DA:109,1
DA:110,0
DA:111,0
DA:112,0
DA:113,0
DA:114,1
DA:115,0
DA:116,1
DA:118,1
DA:119,1
DA:120,1
DA:122,1
DA:140,5
DA:154,5
DA:171,1
DA:186,1
DA:187,0
DA:188,0
DA:189,0
DA:190,0
DA:191,0
DA:192,1
DA:193,0
DA:194,1
DA:196,1
DA:197,1
DA:198,1
DA:200,1
DA:206,5
DA:228,5
DA:245,1
DA:269,1
DA:270,0
DA:271,0
DA:272,0
DA:273,1
DA:274,0
DA:275,0
DA:276,1
DA:277,1
DA:278,1
DA:279,1
DA:280,1
DA:281,0
DA:282,0
DA:283,1
DA:284,0
DA:285,1
DA:287,1
DA:288,1
DA:289,1
DA:291,1
DA:296,5
DA:297,5
DA:298,10
DA:299,6
DA:300,3
DA:301,15
DA:303,10
DA:304,5
DA:305,3
DA:308,10
DA:335,5
DA:350,10
DA:351,10
DA:352,5
DA:353,5
DA:354,30
DA:382,5
DA:383,20
DA:386,15
LF:83
LH:62
end_of_record
SF:lib/src/response.dart
DA:8,3
DA:56,4
DA:59,1
DA:61,2
DA:62,2
DA:64,2
LF:6
LH:6
end_of_record
SF:lib/src/cancel_token.dart
DA:9,2
DA:10,4
DA:14,1
DA:15,2
DA:22,4
DA:27,0
DA:30,6
DA:33,2
DA:34,4
DA:35,4
LF:10
LH:9
end_of_record
SF:lib/src/multipart_file.dart
DA:31,2
DA:40,1
DA:46,1
DA:52,1
DA:57,2
DA:58,1
DA:60,1
DA:72,1
DA:77,1
DA:78,3
DA:79,3
DA:81,1
DA:82,1
DA:96,1
DA:101,1
DA:107,1
DA:112,1
DA:118,1
DA:119,1
DA:120,0
DA:122,1
DA:123,1
LF:22
LH:21
end_of_record
SF:lib/src/adapter.dart
DA:54,2
DA:84,1
DA:90,1
DA:91,6
DA:93,1
DA:99,1
DA:100,5
LF:7
LH:7
end_of_record
SF:lib/src/headers.dart
DA:17,9
DA:21,2
DA:23,2
DA:25,4
DA:26,20
DA:30,3
DA:31,12
DA:38,3
DA:39,3
DA:41,9
DA:42,1
DA:43,1
DA:48,1
DA:49,1
DA:50,0
DA:51,1
DA:56,1
DA:57,2
DA:58,1
DA:59,6
DA:61,4
DA:66,1
DA:67,1
DA:69,3
DA:73,1
DA:74,2
DA:77,1
DA:78,2
DA:84,2
DA:85,12
DA:88,1
DA:90,1
DA:91,3
DA:92,4
DA:94,1
LF:35
LH:34
end_of_record
SF:lib/src/interceptors/log.dart
DA:13,1
DA:54,1
DA:55,1
DA:56,2
DA:58,1
DA:59,2
DA:60,3
DA:61,2
DA:62,2
DA:63,2
DA:64,2
DA:66,1
DA:67,1
DA:68,5
DA:70,1
DA:71,1
DA:72,2
DA:74,1
DA:78,1
DA:79,1
DA:80,1
DA:81,4
DA:82,2
DA:83,1
DA:84,2
DA:86,1
DA:91,1
DA:92,1
DA:93,1
DA:96,1
DA:97,3
DA:98,1
DA:99,2
DA:100,2
DA:101,2
DA:103,1
DA:104,1
DA:105,6
DA:108,1
DA:109,1
DA:110,2
DA:112,1
DA:115,1
DA:116,2
DA:119,1
DA:120,4
LF:46
LH:46
end_of_record
SF:lib/src/redirect_record.dart
DA:2,1
LF:1
LH:1
end_of_record
SF:lib/src/adapters/io_adapter.dart
DA:11,0
DA:25,4
DA:30,4
DA:31,0
DA:34,8
DA:35,12
DA:37,0
DA:38,0
DA:40,0
DA:47,4
DA:49,7
DA:50,2
DA:51,4
DA:55,4
DA:56,4
DA:58,4
DA:60,2
DA:62,2
DA:63,4
DA:64,3
DA:68,2
DA:69,0
DA:70,0
DA:75,4
DA:76,2
DA:77,4
DA:81,2
DA:82,6
DA:83,2
DA:85,2
DA:87,2
DA:89,6
DA:90,2
DA:91,7
DA:92,2
DA:93,2
DA:97,4
DA:98,4
DA:99,1
DA:102,2
DA:103,2
DA:105,0
DA:107,4
DA:108,4
DA:109,8
DA:111,2
DA:117,2
DA:118,3
DA:119,6
DA:120,9
DA:121,3
DA:123,0
DA:124,0
DA:126,6
DA:128,3
DA:131,1
DA:133,2
DA:134,1
LF:58
LH:48
end_of_record
SF:lib/src/entry/dio_for_native.dart
DA:12,10
DA:17,5
DA:18,10
DA:19,10
DA:60,1
DA:74,2
DA:76,1
DA:80,1
DA:83,2
DA:88,1
DA:90,1
DA:91,2
DA:92,3
DA:93,3
DA:94,3
DA:95,2
DA:97,2
DA:99,2
DA:107,4
DA:109,1
DA:110,1
DA:112,3
DA:114,2
DA:118,1
DA:123,1
DA:126,1
DA:127,1
DA:131,2
DA:134,2
DA:136,2
DA:138,1
DA:139,0
DA:141,3
DA:147,1
DA:150,1
DA:151,2
DA:152,2
DA:156,1
DA:157,1
DA:158,1
DA:160,3
DA:162,2
DA:164,1
DA:167,0
DA:168,1
DA:170,1
DA:172,0
DA:174,0
DA:178,1
DA:180,1
DA:182,2
DA:183,1
DA:185,0
DA:188,0
DA:190,0
DA:192,0
DA:198,3
DA:199,2
DA:200,2
DA:203,3
DA:205,4
DA:206,2
DA:207,2
DA:208,2
DA:209,1
DA:210,1
DA:211,1
DA:213,3
DA:221,1
DA:259,1
DA:270,1
DA:271,1
LF:72
LH:64
end_of_record
SF:lib/src/utils.dart
DA:7,3
DA:11,3
DA:16,1
DA:17,1
DA:18,2
DA:19,3
DA:20,1
DA:26,1
DA:28,0
DA:34,6
DA:35,6
DA:39,1
DA:40,6
DA:41,6
DA:42,6
DA:43,4
DA:44,10
DA:46,6
DA:47,9
DA:48,3
DA:49,9
DA:51,3
DA:55,3
DA:56,4
DA:58,2
DA:62,2
DA:67,6
DA:68,6
LF:28
LH:27
end_of_record
SF:lib/src/multipart_file_io.dart
DA:7,1
DA:12,0
DA:13,1
DA:14,2
DA:15,1
DA:16,1
DA:24,1
DA:29,0
DA:30,1
DA:31,1
DA:32,1
DA:33,1
LF:12
LH:10
end_of_record
