SF:lib\flutter_login.dart
DA:25,0
DA:34,0
DA:36,0
DA:38,0
DA:40,0
DA:41,0
DA:43,0
DA:48,0
DA:50,0
DA:51,0
DA:52,0
DA:56,0
DA:57,0
DA:67,1
DA:87,1
DA:89,1
DA:90,1
DA:92,0
DA:93,0
DA:97,1
DA:99,1
DA:100,0
DA:101,0
DA:107,1
DA:108,0
DA:109,0
DA:110,0
DA:111,0
DA:112,0
DA:113,0
DA:116,2
DA:117,1
DA:118,1
DA:119,2
DA:125,1
DA:126,1
DA:127,1
DA:131,0
DA:132,0
DA:137,1
DA:138,1
DA:139,1
DA:151,1
DA:166,1
DA:217,3
DA:218,3
DA:224,3
DA:225,3
DA:231,1
DA:232,1
DA:249,1
DA:251,1
DA:253,2
DA:256,2
DA:257,1
DA:258,2
DA:259,2
DA:261,1
DA:262,0
DA:263,0
DA:266,2
DA:270,2
DA:275,2
DA:276,2
DA:280,1
DA:282,1
DA:283,2
DA:284,2
DA:285,2
DA:288,0
DA:289,0
DA:290,0
DA:292,0
DA:293,0
DA:297,1
DA:298,1
DA:299,1
DA:300,1
DA:302,2
DA:303,2
DA:304,2
DA:305,2
DA:310,0
DA:313,0
DA:316,0
DA:317,0
DA:318,0
DA:320,0
DA:321,0
DA:322,0
DA:324,0
DA:325,0
DA:326,0
DA:327,0
DA:328,0
DA:329,0
DA:330,0
DA:331,0
DA:332,0
DA:333,0
DA:338,0
DA:341,0
DA:342,0
DA:347,0
DA:350,0
DA:351,0
DA:353,0
DA:356,0
DA:357,0
DA:359,0
DA:362,0
DA:363,0
DA:370,1
DA:371,2
DA:372,1
DA:373,2
DA:374,0
DA:375,1
DA:376,2
DA:377,1
DA:378,0
DA:379,2
DA:380,2
DA:382,4
DA:383,2
DA:384,2
DA:385,1
DA:386,1
DA:389,0
DA:390,1
DA:393,2
DA:394,2
DA:395,1
DA:396,2
DA:397,2
DA:398,2
DA:399,2
DA:400,2
DA:401,1
DA:402,2
DA:403,1
DA:404,1
DA:405,1
DA:406,1
DA:410,1
DA:415,2
DA:416,1
DA:417,2
DA:418,1
DA:419,1
DA:420,1
DA:421,2
DA:423,2
DA:424,1
DA:425,1
DA:426,1
DA:427,1
DA:428,1
DA:430,1
DA:432,2
DA:433,1
DA:434,1
DA:435,1
DA:436,1
DA:437,1
DA:440,1
DA:441,1
DA:442,1
DA:443,1
DA:446,1
DA:447,1
DA:448,1
DA:449,1
DA:452,1
DA:453,1
DA:454,1
DA:455,1
DA:458,2
DA:460,2
DA:461,1
DA:462,2
DA:463,1
DA:464,1
DA:465,2
DA:469,3
DA:470,2
DA:479,1
DA:481,3
DA:482,2
DA:483,2
DA:484,2
DA:487,4
DA:489,3
DA:491,3
DA:493,1
DA:494,1
DA:495,1
DA:496,3
DA:498,1
DA:500,1
DA:506,1
DA:507,2
DA:508,2
DA:509,2
DA:510,2
DA:515,1
DA:517,1
DA:519,1
DA:520,1
DA:521,2
DA:522,2
DA:527,1
DA:528,1
DA:530,1
DA:532,1
DA:533,1
DA:534,1
DA:535,1
DA:536,1
DA:537,1
DA:540,1
DA:541,2
DA:544,1
DA:545,2
DA:546,1
DA:552,2
DA:553,0
LF:227
LH:161
end_of_record
SF:lib\src\providers\login_theme.dart
DA:4,0
DA:38,1
LF:2
LH:1
end_of_record
SF:lib\src\widgets\null_widget.dart
DA:5,0
DA:6,0
LF:2
LH:0
end_of_record
SF:lib\src\dart_helper.dart
DA:2,2
LF:1
LH:1
end_of_record
SF:lib\src\color_helper.dart
DA:3,2
DA:4,2
DA:5,2
DA:6,2
DA:7,2
DA:8,2
DA:9,2
DA:10,2
DA:11,2
DA:12,2
DA:13,2
DA:29,0
DA:30,0
DA:31,0
DA:32,0
DA:33,0
DA:34,0
DA:35,0
DA:36,0
DA:37,0
DA:38,0
DA:39,0
DA:40,0
DA:41,0
DA:42,0
DA:43,0
DA:44,0
DA:55,1
DA:56,1
DA:58,4
DA:64,1
DA:67,1
DA:68,1
DA:70,2
DA:71,2
DA:73,1
DA:74,2
DA:75,1
DA:79,2
DA:81,0
DA:84,0
DA:85,0
DA:87,0
DA:88,0
DA:90,0
DA:93,0
DA:94,0
DA:96,0
DA:97,0
DA:99,0
LF:50
LH:23
end_of_record
SF:lib\src\providers\auth.dart
DA:5,6
DA:14,1
DA:21,0
DA:25,1
DA:26,1
DA:39,2
DA:40,1
DA:41,1
DA:42,1
DA:45,3
DA:46,3
DA:49,0
DA:50,0
DA:53,1
DA:54,2
DA:55,1
DA:56,0
DA:57,0
DA:59,1
LF:19
LH:14
end_of_record
SF:lib\src\providers\login_messages.dart
DA:4,1
LF:1
LH:1
end_of_record
SF:lib\src\regex.dart
DA:3,3
LF:1
LH:1
end_of_record
SF:lib\src\widgets\auth_card.dart
DA:22,1
DA:30,1
DA:39,1
DA:40,1
DA:61,1
DA:63,1
DA:65,2
DA:67,4
DA:68,1
DA:69,1
DA:70,2
DA:74,4
DA:75,1
DA:76,2
DA:82,2
DA:84,1
DA:85,1
DA:88,2
DA:90,1
DA:93,2
DA:94,2
DA:95,1
DA:96,1
DA:100,1
DA:101,3
DA:102,1
DA:103,1
DA:105,1
DA:106,3
DA:107,1
DA:108,1
DA:110,1
DA:111,3
DA:112,1
DA:113,3
DA:114,1
DA:115,4
DA:116,1
DA:117,1
DA:121,1
DA:123,1
DA:125,2
DA:126,2
DA:127,2
DA:130,0
DA:131,0
DA:133,0
DA:135,0
DA:136,0
DA:139,0
DA:141,0
DA:142,0
DA:145,0
DA:149,0
DA:150,0
DA:151,0
DA:152,0
DA:153,0
DA:156,0
DA:157,0
DA:158,0
DA:159,0
DA:161,0
DA:164,0
DA:165,0
DA:166,0
DA:167,0
DA:170,0
DA:171,0
DA:173,0
DA:174,0
DA:175,0
DA:176,0
DA:177,0
DA:179,0
DA:180,0
DA:181,0
DA:182,0
DA:183,0
DA:186,0
DA:188,0
DA:189,0
DA:190,0
DA:193,0
DA:194,0
DA:195,0
DA:196,0
DA:199,0
DA:200,0
DA:201,0
DA:202,0
DA:203,0
DA:207,0
DA:208,0
DA:209,0
DA:212,1
DA:217,1
DA:218,1
DA:219,2
DA:220,4
DA:228,1
DA:229,2
DA:230,1
DA:231,1
DA:232,2
DA:233,2
DA:234,1
DA:235,2
DA:240,1
DA:241,2
DA:246,1
DA:247,1
DA:248,1
DA:249,1
DA:254,1
DA:255,1
DA:257,1
DA:262,1
DA:264,1
DA:265,2
DA:266,1
DA:267,1
DA:268,1
DA:269,2
DA:270,1
DA:271,1
DA:272,1
DA:277,1
DA:278,1
DA:279,1
DA:280,1
DA:281,1
DA:283,1
DA:284,1
DA:285,1
DA:286,1
DA:287,0
DA:288,2
DA:289,2
DA:290,0
DA:291,0
DA:292,0
DA:293,0
DA:298,0
DA:299,0
DA:300,0
DA:303,1
DA:311,1
DA:312,1
DA:313,1
DA:314,1
DA:316,1
DA:317,3
DA:318,5
DA:319,5
DA:328,1
DA:336,1
DA:345,1
DA:346,1
DA:372,3
DA:374,1
DA:376,1
DA:378,3
DA:379,0
DA:381,0
DA:382,0
DA:383,0
DA:385,3
DA:387,2
DA:389,1
DA:391,2
DA:393,1
DA:395,2
DA:397,1
DA:400,1
DA:401,1
DA:402,1
DA:404,1
DA:405,3
DA:406,1
DA:407,1
DA:411,1
DA:412,1
DA:413,3
DA:415,1
DA:416,3
DA:420,1
DA:422,1
DA:424,3
DA:425,2
DA:426,2
DA:428,2
DA:429,2
DA:430,2
DA:433,1
DA:434,2
DA:435,1
DA:437,1
DA:438,2
DA:440,0
DA:444,1
DA:448,4
DA:450,3
DA:454,0
DA:455,0
DA:456,0
DA:457,0
DA:460,0
DA:461,0
DA:462,0
DA:463,0
DA:466,0
DA:467,0
DA:468,0
DA:474,0
DA:475,0
DA:478,0
DA:480,0
DA:481,0
DA:482,0
DA:483,0
DA:485,0
DA:489,0
DA:494,1
DA:495,1
DA:497,1
DA:498,1
DA:499,1
DA:500,1
DA:503,0
DA:504,0
DA:506,2
DA:507,0
DA:511,1
DA:512,2
DA:514,1
DA:516,1
DA:517,1
DA:518,1
DA:519,1
DA:521,1
DA:522,1
DA:523,0
DA:524,0
DA:525,0
DA:528,0
DA:531,2
DA:532,0
DA:536,1
DA:537,2
DA:539,1
DA:541,1
DA:542,1
DA:543,1
DA:545,1
DA:547,1
DA:548,0
DA:549,1
DA:550,1
DA:551,3
DA:552,1
DA:556,1
DA:560,1
DA:561,1
DA:562,1
DA:565,1
DA:566,1
DA:567,1
DA:568,1
DA:569,2
DA:572,3
DA:577,1
DA:578,2
DA:580,1
DA:581,1
DA:582,1
DA:583,1
DA:584,3
DA:585,1
DA:590,1
DA:591,2
DA:593,1
DA:594,1
DA:596,1
DA:598,1
DA:599,1
DA:600,3
DA:603,1
DA:604,2
DA:605,1
DA:607,1
DA:612,1
DA:614,2
DA:615,1
DA:616,1
DA:617,2
DA:618,4
DA:620,2
DA:621,1
DA:622,1
DA:623,1
DA:624,1
DA:625,1
DA:626,1
DA:629,1
DA:632,1
DA:634,1
DA:635,1
DA:636,1
DA:637,1
DA:638,1
DA:642,1
DA:643,1
DA:644,1
DA:649,2
DA:651,1
DA:655,3
DA:656,1
DA:658,1
DA:659,1
DA:661,1
DA:662,1
DA:663,1
DA:664,1
DA:665,1
DA:673,1
DA:674,1
DA:675,3
DA:683,0
DA:687,0
DA:692,0
DA:693,0
DA:705,0
DA:707,0
DA:709,0
DA:711,0
DA:715,0
DA:717,0
DA:718,0
DA:721,0
DA:722,0
DA:725,0
DA:726,0
DA:728,0
DA:729,0
DA:730,0
DA:731,0
DA:734,0
DA:735,0
DA:736,0
DA:739,0
DA:740,0
DA:741,0
DA:746,0
DA:747,0
DA:749,0
DA:750,0
DA:753,0
DA:754,0
DA:755,0
DA:759,0
DA:760,0
DA:761,0
DA:762,0
DA:763,0
DA:767,0
DA:768,0
DA:769,0
DA:770,0
DA:771,0
DA:773,0
DA:777,0
DA:779,0
DA:780,0
DA:781,0
DA:782,2
DA:784,0
DA:786,0
DA:788,0
DA:789,0
DA:798,0
DA:799,0
DA:800,0
DA:801,0
DA:802,0
DA:803,0
DA:805,0
DA:807,0
DA:808,0
DA:809,0
DA:810,0
DA:811,0
DA:813,0
DA:815,0
DA:816,0
DA:817,0
LF:396
LH:236
end_of_record
SF:lib\src\widgets\fade_in.dart
DA:3,2
DA:4,2
DA:5,2
DA:6,2
DA:7,2
DA:11,1
DA:19,0
DA:21,1
DA:22,1
DA:34,1
DA:35,1
DA:43,1
DA:45,1
DA:47,2
DA:48,0
DA:50,0
DA:54,1
DA:55,1
DA:58,1
DA:61,2
DA:63,2
DA:64,1
DA:65,0
DA:66,0
DA:68,1
DA:69,0
DA:70,0
DA:72,1
DA:73,2
DA:74,1
DA:76,1
DA:77,1
DA:78,1
DA:82,2
DA:85,2
DA:86,1
DA:87,2
DA:89,2
DA:92,2
DA:93,1
DA:94,2
DA:98,1
DA:99,2
DA:101,1
DA:103,1
DA:104,1
DA:107,1
DA:109,1
DA:110,1
DA:111,1
DA:112,1
DA:113,2
LF:52
LH:45
end_of_record
SF:lib\src\widgets\hero_text.dart
DA:5,2
DA:6,2
DA:7,2
DA:8,2
DA:9,2
DA:13,0
DA:26,0
DA:41,0
DA:42,0
DA:51,0
DA:53,0
DA:55,0
DA:58,0
DA:59,0
DA:62,0
DA:64,0
DA:65,0
DA:66,0
DA:70,0
DA:71,0
DA:72,0
DA:73,0
DA:74,0
DA:75,0
DA:76,0
DA:77,0
DA:78,0
DA:84,0
DA:85,0
DA:88,0
DA:89,0
DA:90,0
DA:91,0
DA:92,0
DA:93,0
DA:94,0
DA:100,0
DA:101,0
DA:106,0
DA:108,0
DA:110,0
DA:111,0
DA:112,0
DA:116,0
DA:118,0
DA:119,0
DA:122,0
DA:126,0
DA:128,0
DA:129,0
DA:130,0
DA:131,0
DA:132,0
DA:133,0
DA:134,0
DA:135,0
DA:136,0
DA:146,0
DA:161,0
DA:162,0
DA:178,0
DA:180,0
DA:181,0
DA:182,0
DA:189,0
DA:190,0
DA:191,0
DA:192,0
DA:195,0
DA:198,0
DA:199,0
DA:200,0
DA:201,0
DA:202,0
DA:203,0
DA:204,0
DA:205,0
DA:206,0
DA:209,0
DA:210,0
DA:211,0
DA:212,0
DA:213,0
DA:214,0
DA:215,0
DA:216,0
DA:217,0
DA:218,0
DA:219,0
DA:220,0
DA:227,0
DA:231,0
DA:236,0
DA:238,0
DA:239,0
DA:240,0
DA:242,0
LF:97
LH:5
end_of_record
SF:lib\src\widgets\gradient_box.dart
DA:4,1
DA:14,1
DA:16,1
DA:17,1
DA:18,1
DA:19,1
DA:20,1
DA:21,1
DA:22,1
DA:23,1
LF:10
LH:10
end_of_record
SF:lib\src\models\login_data.dart
DA:7,0
DA:12,0
DA:14,0
LF:3
LH:0
end_of_record
SF:lib\src\math_helper.dart
DA:4,3
DA:6,1
DA:7,3
LF:3
LH:3
end_of_record
SF:lib\src\matrix.dart
DA:12,1
DA:13,2
LF:2
LH:2
end_of_record
SF:lib\src\paddings.dart
DA:4,0
DA:5,0
DA:12,1
DA:13,1
LF:4
LH:2
end_of_record
SF:lib\src\widget_helper.dart
DA:5,1
DA:6,2
DA:7,1
DA:10,0
DA:11,0
DA:14,0
DA:20,0
DA:21,0
DA:23,0
DA:24,0
DA:27,0
DA:28,0
DA:31,0
DA:37,0
DA:38,0
DA:40,0
DA:41,0
LF:17
LH:3
end_of_record
SF:lib\src\widgets\animated_button.dart
DA:8,1
DA:15,1
DA:23,1
DA:24,1
DA:46,1
DA:48,1
DA:50,3
DA:51,1
DA:52,2
DA:53,1
DA:60,1
DA:61,3
DA:62,2
DA:63,1
DA:66,1
DA:67,1
DA:68,2
DA:69,2
DA:70,1
DA:72,1
DA:73,3
DA:74,2
DA:75,1
DA:78,4
DA:81,1
DA:83,1
DA:84,1
DA:85,1
DA:88,1
DA:89,2
DA:90,1
DA:92,4
DA:93,4
DA:95,2
DA:96,1
DA:97,1
DA:98,1
DA:99,1
DA:100,2
DA:106,1
DA:108,1
DA:110,4
DA:111,4
DA:112,0
DA:115,4
DA:116,1
DA:120,1
DA:122,1
DA:123,4
DA:126,0
DA:127,0
DA:128,0
DA:130,0
DA:131,0
DA:136,1
DA:137,2
DA:138,3
DA:140,1
DA:141,1
DA:142,2
DA:143,1
DA:145,3
DA:146,3
DA:153,2
DA:157,3
DA:160,3
DA:162,1
DA:164,4
DA:165,2
DA:166,2
DA:167,1
DA:171,1
DA:172,1
DA:173,1
DA:174,1
DA:175,2
DA:176,2
DA:181,1
DA:182,1
DA:184,1
DA:185,1
DA:186,1
DA:187,1
DA:188,1
DA:189,1
DA:190,2
DA:191,1
DA:192,2
DA:194,1
DA:195,1
DA:196,1
DA:197,0
DA:198,1
DA:201,1
DA:202,3
DA:203,1
DA:204,1
DA:205,0
DA:206,1
DA:207,1
DA:209,1
DA:210,1
DA:213,1
DA:222,1
DA:224,1
DA:226,1
DA:229,1
DA:230,1
DA:231,1
DA:232,1
DA:233,2
DA:234,2
DA:236,2
DA:240,1
DA:241,0
DA:242,0
DA:243,0
DA:244,0
DA:245,0
DA:250,1
LF:120
LH:107
end_of_record
SF:lib\src\widgets\animated_text.dart
DA:10,6
DA:14,1
DA:19,1
DA:25,1
DA:26,1
DA:39,3
DA:41,1
DA:43,1
DA:45,2
DA:50,5
DA:51,1
DA:55,3
DA:57,3
DA:58,6
DA:62,1
DA:64,1
DA:66,4
DA:67,2
DA:68,3
DA:69,4
DA:70,2
DA:71,1
DA:72,2
DA:73,1
DA:75,2
DA:80,1
DA:82,1
DA:83,2
DA:86,1
DA:89,0
DA:91,1
DA:94,1
DA:95,1
DA:96,1
DA:98,6
DA:99,6
DA:101,4
DA:104,1
DA:105,1
DA:106,1
DA:108,5
DA:109,6
DA:111,5
DA:114,1
DA:115,1
DA:116,1
DA:118,5
DA:119,6
DA:121,3
DA:124,1
DA:125,1
DA:126,1
DA:128,6
DA:129,6
DA:131,5
DA:134,1
DA:136,3
DA:137,1
DA:138,1
DA:139,1
DA:140,2
DA:144,1
DA:145,1
DA:146,2
DA:151,1
DA:152,1
DA:153,2
DA:156,4
DA:157,1
DA:160,3
DA:161,3
DA:164,4
DA:165,1
DA:168,3
DA:169,3
LF:75
LH:74
end_of_record
SF:lib\src\widgets\ring.dart
DA:5,1
DA:11,2
DA:12,1
DA:13,1
DA:20,1
DA:22,1
DA:23,3
DA:24,3
DA:25,2
DA:27,1
DA:28,2
DA:29,1
DA:30,1
LF:13
LH:13
end_of_record
SF:lib\src\widgets\animated_text_form_field.dart
DA:7,2
DA:8,2
DA:9,2
DA:12,1
DA:19,1
DA:20,3
DA:21,3
DA:27,1
DA:46,0
DA:48,1
DA:68,1
DA:69,1
DA:81,1
DA:83,1
DA:85,4
DA:87,2
DA:88,2
DA:91,2
DA:94,2
DA:96,1
DA:97,2
DA:99,1
DA:100,3
DA:102,3
DA:104,1
DA:107,2
DA:108,2
DA:109,2
DA:112,2
DA:114,1
DA:115,2
DA:117,1
DA:120,1
DA:121,3
DA:122,2
DA:124,1
DA:127,1
DA:128,3
DA:130,1
DA:136,1
DA:137,2
DA:138,2
DA:140,2
DA:142,2
DA:143,2
DA:145,1
DA:146,2
DA:151,1
DA:153,1
DA:155,4
DA:156,0
DA:160,1
DA:162,4
DA:163,1
DA:166,1
DA:167,1
DA:168,3
DA:172,1
DA:173,2
DA:177,1
DA:178,1
DA:179,2
DA:181,1
DA:182,3
DA:183,3
DA:190,1
DA:191,1
DA:192,2
DA:193,3
DA:194,3
DA:195,1
DA:196,1
DA:197,2
DA:199,0
DA:203,1
DA:205,1
DA:206,1
DA:207,2
DA:208,2
DA:209,1
DA:210,2
DA:211,2
DA:212,2
DA:213,2
DA:214,2
DA:215,2
DA:216,2
DA:219,2
DA:220,1
DA:221,1
DA:222,1
DA:223,1
DA:224,2
DA:225,3
DA:233,2
DA:234,1
DA:235,1
DA:236,2
DA:237,3
DA:249,1
DA:265,0
DA:267,1
DA:284,1
DA:286,1
DA:293,1
DA:295,1
DA:296,2
DA:297,2
DA:298,2
DA:299,2
DA:300,2
DA:301,2
DA:302,1
DA:303,1
DA:304,0
DA:306,1
DA:311,1
DA:312,1
DA:314,1
DA:317,1
DA:322,1
DA:327,1
DA:332,1
DA:333,2
DA:334,2
DA:335,2
DA:336,2
DA:337,2
DA:338,2
DA:339,2
DA:340,2
LF:131
LH:126
end_of_record
SF:lib\src\widgets\custom_page_transformer.dart
DA:8,1
DA:10,1
DA:11,1
DA:12,2
DA:14,1
DA:16,0
DA:17,0
DA:20,2
DA:21,2
DA:24,1
LF:10
LH:8
end_of_record
SF:lib\src\widgets\expandable_container.dart
DA:3,2
DA:4,2
DA:5,2
DA:9,1
DA:21,1
DA:34,1
DA:35,1
DA:43,1
DA:45,1
DA:47,3
DA:48,0
DA:50,4
DA:53,2
DA:56,2
DA:57,1
DA:61,2
DA:64,2
DA:65,1
DA:68,2
DA:69,1
DA:70,2
DA:75,1
DA:77,1
DA:78,1
DA:79,1
DA:80,1
DA:81,1
DA:82,1
DA:83,3
DA:86,1
DA:87,1
DA:88,1
DA:89,2
DA:90,2
DA:91,2
DA:92,2
DA:93,2
DA:94,2
LF:38
LH:37
end_of_record
